app/build/outputs/logs/manifest-merger-debug-report.txt
-- Merging decision tree log ---
manifest
ADDED from src/main/AndroidManifest.xml:2:1-178:12
	package
		ADDED from src/main/AndroidManifest.xml:3:5-28
		INJECTED from src/main/AndroidManifest.xml
		INJECTED from src/main/AndroidManifest.xml
	android:versionName
		ADDED from src/main/AndroidManifest.xml:5:5-30
	android:versionCode
		ADDED from src/main/AndroidManifest.xml:4:5-28
		INJECTED from src/main/AndroidManifest.xml
		INJECTED from src/main/AndroidManifest.xml
	xmlns:android
		ADDED from src/main/AndroidManifest.xml:2:11-69
uses-sdk
ADDED from src/main/AndroidManifest.xml:7:5-9:41
MERGED from [com.android.support:appcompat-v7:22.2.1] AndroidManifest.xml:20:5-43
MERGED from [com.android.support:support-v4:22.2.1] AndroidManifest.xml:20:5-43
	android:targetSdkVersion
		ADDED from src/main/AndroidManifest.xml:9:9-38
		INJECTED from src/main/AndroidManifest.xml
		INJECTED from src/main/AndroidManifest.xml
	android:minSdkVersion
		ADDED from src/main/AndroidManifest.xml:8:9-35
		INJECTED from src/main/AndroidManifest.xml
		INJECTED from src/main/AndroidManifest.xml
uses-permission#android.permission.CALL_PHONE
ADDED from src/main/AndroidManifest.xml:11:5-69
	android:name
		ADDED from src/main/AndroidManifest.xml:11:22-66
uses-permission#android.permission.ACCESS_FINE_LOCATION
ADDED from src/main/AndroidManifest.xml:12:5-79
	android:name
		ADDED from src/main/AndroidManifest.xml:12:22-76
uses-permission#android.permission.ACCESS_NETWORK_STATE
ADDED from src/main/AndroidManifest.xml:13:5-79
	android:name
		ADDED from src/main/AndroidManifest.xml:13:22-76
uses-permission#android.permission.INTERNET
ADDED from src/main/AndroidManifest.xml:14:5-67
	android:name
		ADDED from src/main/AndroidManifest.xml:14:22-64
uses-permission#com.google.android.providers.gsf.permission.READ_GSERVICES
ADDED from src/main/AndroidManifest.xml:15:5-98
	android:name
		ADDED from src/main/AndroidManifest.xml:15:22-95
uses-permission#android.permission.CAMERA
ADDED from src/main/AndroidManifest.xml:16:5-65
	android:name
		ADDED from src/main/AndroidManifest.xml:16:22-62
uses-permission#android.permission.WRITE_EXTERNAL_STORAGE
ADDED from src/main/AndroidManifest.xml:17:5-81
	android:name
		ADDED from src/main/AndroidManifest.xml:17:22-78
uses-permission#android.permission.READ_EXTERNAL_STORAGE
ADDED from src/main/AndroidManifest.xml:18:5-80
	android:name
		ADDED from src/main/AndroidManifest.xml:18:22-77
uses-permission#android.permission.RECEIVE_SMS
ADDED from src/main/AndroidManifest.xml:19:5-69
	android:name
		ADDED from src/main/AndroidManifest.xml:19:22-67
uses-feature#android.hardware.camera
ADDED from src/main/AndroidManifest.xml:21:5-60
	android:name
		ADDED from src/main/AndroidManifest.xml:21:19-57
uses-feature#android.hardware.camera.autofocus
ADDED from src/main/AndroidManifest.xml:22:5-70
	android:name
		ADDED from src/main/AndroidManifest.xml:22:19-67
uses-permission#android.permission.ACCESS_COARSE_LOCATION
ADDED from src/main/AndroidManifest.xml:25:5-81
	android:name
		ADDED from src/main/AndroidManifest.xml:25:22-78
application
ADDED from src/main/AndroidManifest.xml:28:5-176:19
MERGED from [com.android.support:appcompat-v7:22.2.1] AndroidManifest.xml:22:5-20
MERGED from [com.android.support:support-v4:22.2.1] AndroidManifest.xml:22:5-20
	android:label
		ADDED from src/main/AndroidManifest.xml:31:9-41
	android:allowBackup
		ADDED from src/main/AndroidManifest.xml:29:9-35
	android:icon
		ADDED from src/main/AndroidManifest.xml:30:9-47
	android:theme
		ADDED from src/main/AndroidManifest.xml:32:9-40
activity#com.momsdhaba.MainActivity
ADDED from src/main/AndroidManifest.xml:33:9-42:20
	android:screenOrientation
		ADDED from src/main/AndroidManifest.xml:36:13-49
	android:label
		ADDED from src/main/AndroidManifest.xml:35:13-77
	android:name
		ADDED from src/main/AndroidManifest.xml:34:13-41
intent-filter#android.intent.action.MAIN+android.intent.category.LAUNCHER
ADDED from src/main/AndroidManifest.xml:37:13-41:29
action#android.intent.action.MAIN
ADDED from src/main/AndroidManifest.xml:38:17-69
	android:name
		ADDED from src/main/AndroidManifest.xml:38:25-66
category#android.intent.category.LAUNCHER
ADDED from src/main/AndroidManifest.xml:40:17-77
	android:name
		ADDED from src/main/AndroidManifest.xml:40:27-74
activity#com.momsdhaba.AddMenu
ADDED from src/main/AndroidManifest.xml:43:9-47:20
	android:screenOrientation
		ADDED from src/main/AndroidManifest.xml:46:13-49
	android:label
		ADDED from src/main/AndroidManifest.xml:45:13-56
	android:name
		ADDED from src/main/AndroidManifest.xml:44:13-36
activity#com.momsdhaba.ChefRegistraion
ADDED from src/main/AndroidManifest.xml:48:9-52:20
	android:screenOrientation
		ADDED from src/main/AndroidManifest.xml:51:13-49
	android:label
		ADDED from src/main/AndroidManifest.xml:50:13-60
	android:name
		ADDED from src/main/AndroidManifest.xml:49:13-44
activity#com.momsdhaba.CustomerRegistration
ADDED from src/main/AndroidManifest.xml:53:9-57:20
	android:screenOrientation
		ADDED from src/main/AndroidManifest.xml:56:13-49
	android:label
		ADDED from src/main/AndroidManifest.xml:55:13-62
	android:name
		ADDED from src/main/AndroidManifest.xml:54:13-49
activity#com.momsdhaba.FoodList
ADDED from src/main/AndroidManifest.xml:58:9-62:20
	android:screenOrientation
		ADDED from src/main/AndroidManifest.xml:61:13-49
	android:label
		ADDED from src/main/AndroidManifest.xml:60:13-65
	android:name
		ADDED from src/main/AndroidManifest.xml:59:13-37
activity#com.momsdhaba.ReferChef
ADDED from src/main/AndroidManifest.xml:63:9-67:20
	android:screenOrientation
		ADDED from src/main/AndroidManifest.xml:66:13-49
	android:label
		ADDED from src/main/AndroidManifest.xml:65:13-57
	android:name
		ADDED from src/main/AndroidManifest.xml:64:13-38
activity#com.momsdhaba.notification.NotificationActivity
ADDED from src/main/AndroidManifest.xml:68:9-72:20
	android:screenOrientation
		ADDED from src/main/AndroidManifest.xml:71:13-49
	android:label
		ADDED from src/main/AndroidManifest.xml:70:13-64
	android:name
		ADDED from src/main/AndroidManifest.xml:69:13-62
activity#com.momsdhaba.history.Chef_History_Activity
ADDED from src/main/AndroidManifest.xml:73:9-77:20
	android:screenOrientation
		ADDED from src/main/AndroidManifest.xml:76:13-49
	android:label
		ADDED from src/main/AndroidManifest.xml:75:13-65
	android:name
		ADDED from src/main/AndroidManifest.xml:74:13-58
activity#com.momsdhaba.EditPage
ADDED from src/main/AndroidManifest.xml:78:9-82:20
	android:screenOrientation
		ADDED from src/main/AndroidManifest.xml:81:13-49
	android:label
		ADDED from src/main/AndroidManifest.xml:80:13-61
	android:name
		ADDED from src/main/AndroidManifest.xml:79:13-37
activity#com.momsdhaba.Terms
ADDED from src/main/AndroidManifest.xml:83:9-87:20
	android:screenOrientation
		ADDED from src/main/AndroidManifest.xml:86:13-49
	android:label
		ADDED from src/main/AndroidManifest.xml:85:13-57
	android:name
		ADDED from src/main/AndroidManifest.xml:84:13-34
activity#com.momsdhaba.ViewActivity
ADDED from src/main/AndroidManifest.xml:88:9-92:20
	android:screenOrientation
		ADDED from src/main/AndroidManifest.xml:91:13-49
	android:label
		ADDED from src/main/AndroidManifest.xml:90:13-56
	android:name
		ADDED from src/main/AndroidManifest.xml:89:13-41
activity#com.momsdhaba.Payment
ADDED from src/main/AndroidManifest.xml:93:9-97:20
	android:screenOrientation
		ADDED from src/main/AndroidManifest.xml:96:13-49
	android:label
		ADDED from src/main/AndroidManifest.xml:95:13-59
	android:name
		ADDED from src/main/AndroidManifest.xml:94:13-36
activity#com.momsdhaba.HollerHere
ADDED from src/main/AndroidManifest.xml:98:9-102:20
	android:screenOrientation
		ADDED from src/main/AndroidManifest.xml:101:13-49
	android:label
		ADDED from src/main/AndroidManifest.xml:100:13-61
	android:name
		ADDED from src/main/AndroidManifest.xml:99:13-39
activity#com.momsdhaba.HelpDesk
ADDED from src/main/AndroidManifest.xml:103:9-107:20
	android:screenOrientation
		ADDED from src/main/AndroidManifest.xml:106:13-49
	android:label
		ADDED from src/main/AndroidManifest.xml:105:13-60
	android:name
		ADDED from src/main/AndroidManifest.xml:104:13-37
activity#com.momsdhaba.notification.NotificationOptions
ADDED from src/main/AndroidManifest.xml:108:9-112:20
	android:screenOrientation
		ADDED from src/main/AndroidManifest.xml:111:13-49
	android:label
		ADDED from src/main/AndroidManifest.xml:110:13-72
	android:name
		ADDED from src/main/AndroidManifest.xml:109:13-61
activity#com.momsdhaba.user.User_HollerHere
ADDED from src/main/AndroidManifest.xml:113:9-117:20
	android:screenOrientation
		ADDED from src/main/AndroidManifest.xml:116:13-49
	android:label
		ADDED from src/main/AndroidManifest.xml:115:13-61
	android:name
		ADDED from src/main/AndroidManifest.xml:114:13-49
activity#com.momsdhaba.user.User_ReferChef
ADDED from src/main/AndroidManifest.xml:118:9-122:20
	android:screenOrientation
		ADDED from src/main/AndroidManifest.xml:121:13-49
	android:label
		ADDED from src/main/AndroidManifest.xml:120:13-57
	android:name
		ADDED from src/main/AndroidManifest.xml:119:13-48
activity#com.momsdhaba.user.User_SelectArea
ADDED from src/main/AndroidManifest.xml:123:9-127:20
	android:screenOrientation
		ADDED from src/main/AndroidManifest.xml:126:13-49
	android:label
		ADDED from src/main/AndroidManifest.xml:125:13-56
	android:name
		ADDED from src/main/AndroidManifest.xml:124:13-49
activity#com.momsdhaba.user.CustomerActivity
ADDED from src/main/AndroidManifest.xml:128:9-132:20
	android:screenOrientation
		ADDED from src/main/AndroidManifest.xml:131:13-49
	android:label
		ADDED from src/main/AndroidManifest.xml:130:13-60
	android:name
		ADDED from src/main/AndroidManifest.xml:129:13-50
activity#com.momsdhaba.user.OrderActivity
ADDED from src/main/AndroidManifest.xml:133:9-137:20
	android:screenOrientation
		ADDED from src/main/AndroidManifest.xml:136:13-49
	android:label
		ADDED from src/main/AndroidManifest.xml:135:13-57
	android:name
		ADDED from src/main/AndroidManifest.xml:134:13-47
activity#com.momsdhaba.user.User_History_Activity
ADDED from src/main/AndroidManifest.xml:138:9-142:20
	android:screenOrientation
		ADDED from src/main/AndroidManifest.xml:141:13-49
	android:label
		ADDED from src/main/AndroidManifest.xml:140:13-65
	android:name
		ADDED from src/main/AndroidManifest.xml:139:13-55
activity#com.momsdhaba.SettingsActivity
ADDED from src/main/AndroidManifest.xml:143:9-147:20
	android:screenOrientation
		ADDED from src/main/AndroidManifest.xml:146:13-49
	android:label
		ADDED from src/main/AndroidManifest.xml:145:13-60
	android:name
		ADDED from src/main/AndroidManifest.xml:144:13-45
activity#com.momsdhaba.user.User_History_options
ADDED from src/main/AndroidManifest.xml:148:9-152:20
	android:screenOrientation
		ADDED from src/main/AndroidManifest.xml:151:13-49
	android:label
		ADDED from src/main/AndroidManifest.xml:150:13-73
	android:name
		ADDED from src/main/AndroidManifest.xml:149:13-67
activity#com.momsdhaba.user.User_Logout
ADDED from src/main/AndroidManifest.xml:153:8-157:20
	android:screenOrientation
		ADDED from src/main/AndroidManifest.xml:156:13-49
	android:label
		ADDED from src/main/AndroidManifest.xml:155:13-58
	android:name
		ADDED from src/main/AndroidManifest.xml:154:13-45
activity#com.momsdhaba.Chef_logout
ADDED from src/main/AndroidManifest.xml:158:9-162:20
	android:screenOrientation
		ADDED from src/main/AndroidManifest.xml:161:13-49
	android:label
		ADDED from src/main/AndroidManifest.xml:160:13-58
	android:name
		ADDED from src/main/AndroidManifest.xml:159:13-40
activity#com.momsdhaba.Forgotpassword
ADDED from src/main/AndroidManifest.xml:163:9-167:20
	android:screenOrientation
		ADDED from src/main/AndroidManifest.xml:166:13-49
	android:label
		ADDED from src/main/AndroidManifest.xml:165:13-66
	android:name
		ADDED from src/main/AndroidManifest.xml:164:13-43
activity#com.razorpay.CheckoutActivity
ADDED from src/main/AndroidManifest.xml:168:9-171:95
	android:screenOrientation
		ADDED from src/main/AndroidManifest.xml:170:16-52
	android:configChanges
		ADDED from src/main/AndroidManifest.xml:171:13-83
	android:name
		ADDED from src/main/AndroidManifest.xml:169:13-57
service#com.momsdhaba.notification.MyService
ADDED from src/main/AndroidManifest.xml:173:9-175:38
	android:enabled
		ADDED from src/main/AndroidManifest.xml:175:13-35
	android:name
		ADDED from src/main/AndroidManifest.xml:174:13-64